<?xml version="1.0" encoding="UTF-8"?>
<!-- Generated by org.testng.reporters.JUnitReportReporter -->
<testsuite hostname="Rahul" failures="0" tests="2" name="Practice.Demo1" time="0.013" errors="0" timestamp="2022-09-13T11:44:13 IST" skipped="0">
  <testcase classname="Practice.Demo1" name="demoMethod2" time="0.003"/>
  <system-out/>
  <testcase classname="Practice.Demo1" name="demoMethod1" time="0.010"/>
  <system-out/>
</testsuite> <!-- Practice.Demo1 -->
